This file contains any messages produced by compilers while
running configure, to aid debugging if configure makes a mistake.

It was created by iwwbs1770 configure 0.6.1-beta-1, which was
generated by GNU Autoconf 2.69.  Invocation command line was

  $ ./configure 

## --------- ##
## Platform. ##
## --------- ##

hostname = 192-168-1-13.tpgi.com.au
uname -m = x86_64
uname -r = 18.7.0
uname -s = Darwin
uname -v = Darwin Kernel Version 18.7.0: Thu Jun 20 18:42:21 PDT 2019; root:xnu-4903.270.47~4/RELEASE_X86_64

/usr/bin/uname -p = i386
/bin/uname -X     = unknown

/bin/arch              = unknown
/usr/bin/arch -k       = unknown
/usr/convex/getsysinfo = unknown
/usr/bin/hostinfo      = Mach kernel version:
	 Darwin Kernel Version 18.7.0: Thu Jun 20 18:42:21 PDT 2019; root:xnu-4903.270.47~4/RELEASE_X86_64
Kernel configured for up to 4 processors.
2 processors are physically available.
4 processors are logically available.
Processor type: x86_64h (Intel x86-64h Haswell)
Processors active: 0 1 2 3
Primary memory available: 8.00 gigabytes
Default processor set: 407 tasks, 1519 threads, 4 processors
Load average: 1.76, Mach factor: 2.23
/bin/machine           = unknown
/usr/bin/oslevel       = unknown
/bin/universe          = unknown

PATH: /usr/local/bin
PATH: /usr/bin
PATH: /bin
PATH: /usr/sbin
PATH: /sbin
PATH: /opt/X11/bin
PATH: /opt/pkg/sbin
PATH: /opt/pkg/bin


## ----------- ##
## Core tests. ##
## ----------- ##

configure:2112: checking for a BSD-compatible install
configure:2180: result: /usr/bin/install -c
configure:2191: checking whether build environment is sane
configure:2246: result: yes
configure:2397: checking for a thread-safe mkdir -p
configure:2436: result: ./install-sh -c -d
configure:2443: checking for gawk
configure:2473: result: no
configure:2443: checking for mawk
configure:2473: result: no
configure:2443: checking for nawk
configure:2459: found /opt/pkg/bin/nawk
configure:2470: result: nawk
configure:2481: checking whether make sets $(MAKE)
configure:2503: result: yes
configure:2532: checking whether make supports nested variables
configure:2549: result: yes
configure:2679: checking whether make supports the include directive
configure:2694: make -f confmf.GNU && cat confinc.out
this is the am__doit target
configure:2697: $? = 0
configure:2716: result: yes (GNU style)
configure:2786: checking for gcc
configure:2802: found /usr/bin/gcc
configure:2813: result: gcc
configure:3042: checking for C compiler version
configure:3051: gcc --version >&5
Apple LLVM version 10.0.1 (clang-1001.0.46.4)
Target: x86_64-apple-darwin18.7.0
Thread model: posix
InstalledDir: /Library/Developer/CommandLineTools/usr/bin
Configured with: --prefix=/Library/Developer/CommandLineTools/usr --with-gxx-include-dir=/Library/Developer/CommandLineTools/SDKs/MacOSX10.14.sdk/usr/include/c++/4.2.1
configure:3062: $? = 0
configure:3051: gcc -v >&5
Configured with: --prefix=/Library/Developer/CommandLineTools/usr --with-gxx-include-dir=/Library/Developer/CommandLineTools/SDKs/MacOSX10.14.sdk/usr/include/c++/4.2.1
Apple LLVM version 10.0.1 (clang-1001.0.46.4)
Target: x86_64-apple-darwin18.7.0
Thread model: posix
InstalledDir: /Library/Developer/CommandLineTools/usr/bin
configure:3062: $? = 0
configure:3051: gcc -V >&5
clang: error: unsupported option '-V -Wno-atomic-implicit-seq-cst'
clang: error: no input files
configure:3062: $? = 1
configure:3051: gcc -qversion >&5
clang: error: unknown argument '-qversion', did you mean '--version'?
clang: error: no input files
configure:3062: $? = 1
configure:3082: checking whether the C compiler works
configure:3104: gcc -I /opt/pkg/include/ffmpeg3/ -I /opt/pkg/include/ffmpeg3/ -L /opt/pkg/lib/ffmpeg3/ conftest.c  >&5
configure:3108: $? = 0
configure:3156: result: yes
configure:3159: checking for C compiler default output file name
configure:3161: result: a.out
configure:3167: checking for suffix of executables
configure:3174: gcc -o conftest -I /opt/pkg/include/ffmpeg3/ -I /opt/pkg/include/ffmpeg3/ -L /opt/pkg/lib/ffmpeg3/ conftest.c  >&5
configure:3178: $? = 0
configure:3200: result: 
configure:3222: checking whether we are cross compiling
configure:3230: gcc -o conftest -I /opt/pkg/include/ffmpeg3/ -I /opt/pkg/include/ffmpeg3/ -L /opt/pkg/lib/ffmpeg3/ conftest.c  >&5
configure:3234: $? = 0
configure:3241: ./conftest
configure:3245: $? = 0
configure:3260: result: no
configure:3265: checking for suffix of object files
configure:3287: gcc -c -I /opt/pkg/include/ffmpeg3/ -I /opt/pkg/include/ffmpeg3/ conftest.c >&5
configure:3291: $? = 0
configure:3312: result: o
configure:3316: checking whether we are using the GNU C compiler
configure:3335: gcc -c -I /opt/pkg/include/ffmpeg3/ -I /opt/pkg/include/ffmpeg3/ conftest.c >&5
configure:3335: $? = 0
configure:3344: result: yes
configure:3353: checking whether gcc accepts -g
configure:3373: gcc -c -g -I /opt/pkg/include/ffmpeg3/ conftest.c >&5
configure:3373: $? = 0
configure:3414: result: yes
configure:3431: checking for gcc option to accept ISO C89
configure:3494: gcc  -c -I /opt/pkg/include/ffmpeg3/ -I /opt/pkg/include/ffmpeg3/ conftest.c >&5
configure:3494: $? = 0
configure:3507: result: none needed
configure:3532: checking whether gcc understands -c and -o together
configure:3554: gcc -c conftest.c -o conftest2.o
configure:3557: $? = 0
configure:3554: gcc -c conftest.c -o conftest2.o
configure:3557: $? = 0
configure:3569: result: yes
configure:3588: checking dependency style of gcc
configure:3699: result: gcc3
configure:3764: checking for ar
configure:3780: found /usr/bin/ar
configure:3791: result: ar
configure:3817: checking the archiver (ar) interface
configure:3833: gcc -c -I /opt/pkg/include/ffmpeg3/ -I /opt/pkg/include/ffmpeg3/ conftest.c >&5
configure:3833: $? = 0
configure:3835: ar cru libconftest.a conftest.o >&5
configure:3838: $? = 0
configure:3866: result: ar
configure:3934: checking for gcc
configure:3961: result: gcc
configure:4190: checking for C compiler version
configure:4199: gcc --version >&5
Apple LLVM version 10.0.1 (clang-1001.0.46.4)
Target: x86_64-apple-darwin18.7.0
Thread model: posix
InstalledDir: /Library/Developer/CommandLineTools/usr/bin
Configured with: --prefix=/Library/Developer/CommandLineTools/usr --with-gxx-include-dir=/Library/Developer/CommandLineTools/SDKs/MacOSX10.14.sdk/usr/include/c++/4.2.1
configure:4210: $? = 0
configure:4199: gcc -v >&5
Configured with: --prefix=/Library/Developer/CommandLineTools/usr --with-gxx-include-dir=/Library/Developer/CommandLineTools/SDKs/MacOSX10.14.sdk/usr/include/c++/4.2.1
Apple LLVM version 10.0.1 (clang-1001.0.46.4)
Target: x86_64-apple-darwin18.7.0
Thread model: posix
InstalledDir: /Library/Developer/CommandLineTools/usr/bin
configure:4210: $? = 0
configure:4199: gcc -V >&5
clang: error: unsupported option '-V -Wno-atomic-implicit-seq-cst'
clang: error: no input files
configure:4210: $? = 1
configure:4199: gcc -qversion >&5
clang: error: unknown argument '-qversion', did you mean '--version'?
clang: error: no input files
configure:4210: $? = 1
configure:4214: checking whether we are using the GNU C compiler
configure:4242: result: yes
configure:4251: checking whether gcc accepts -g
configure:4312: result: yes
configure:4329: checking for gcc option to accept ISO C89
configure:4405: result: none needed
configure:4430: checking whether gcc understands -c and -o together
configure:4467: result: yes
configure:4486: checking dependency style of gcc
configure:4597: result: gcc3
configure:4655: checking for ranlib
configure:4671: found /usr/bin/ranlib
configure:4682: result: ranlib
configure:4706: checking for win32
configure:4733: result: no
configure:4768: checking how to run the C preprocessor
configure:4799: gcc -E -I /opt/pkg/include/ffmpeg3/ conftest.c
configure:4799: $? = 0
configure:4813: gcc -E -I /opt/pkg/include/ffmpeg3/ conftest.c
conftest.c:11:10: fatal error: 'ac_nonexistent.h' file not found
#include <ac_nonexistent.h>
         ^~~~~~~~~~~~~~~~~~
1 error generated.
configure:4813: $? = 1
configure: failed program was:
| /* confdefs.h */
| #define PACKAGE_NAME "iwwbs1770"
| #define PACKAGE_TARNAME "iwwbs1770"
| #define PACKAGE_VERSION "0.6.1-beta-1"
| #define PACKAGE_STRING "iwwbs1770 0.6.1-beta-1"
| #define PACKAGE_BUGREPORT "tilde@ultros.pro"
| #define PACKAGE_URL "http://iww.org.au/"
| #define PACKAGE "iwwbs1770"
| #define VERSION "0.6.1-beta-1"
| /* end confdefs.h.  */
| #include <ac_nonexistent.h>
configure:4838: result: gcc -E
configure:4858: gcc -E -I /opt/pkg/include/ffmpeg3/ conftest.c
configure:4858: $? = 0
configure:4872: gcc -E -I /opt/pkg/include/ffmpeg3/ conftest.c
conftest.c:11:10: fatal error: 'ac_nonexistent.h' file not found
#include <ac_nonexistent.h>
         ^~~~~~~~~~~~~~~~~~
1 error generated.
configure:4872: $? = 1
configure: failed program was:
| /* confdefs.h */
| #define PACKAGE_NAME "iwwbs1770"
| #define PACKAGE_TARNAME "iwwbs1770"
| #define PACKAGE_VERSION "0.6.1-beta-1"
| #define PACKAGE_STRING "iwwbs1770 0.6.1-beta-1"
| #define PACKAGE_BUGREPORT "tilde@ultros.pro"
| #define PACKAGE_URL "http://iww.org.au/"
| #define PACKAGE "iwwbs1770"
| #define VERSION "0.6.1-beta-1"
| /* end confdefs.h.  */
| #include <ac_nonexistent.h>
configure:4901: checking for grep that handles long lines and -e
configure:4959: result: /usr/bin/grep
configure:4964: checking for egrep
configure:5026: result: /usr/bin/grep -E
configure:5031: checking for ANSI C header files
configure:5051: gcc -c -I /opt/pkg/include/ffmpeg3/ -I /opt/pkg/include/ffmpeg3/ conftest.c >&5
configure:5051: $? = 0
configure:5124: gcc -o conftest -I /opt/pkg/include/ffmpeg3/ -I /opt/pkg/include/ffmpeg3/ -L /opt/pkg/lib/ffmpeg3/ conftest.c  >&5
configure:5124: $? = 0
configure:5124: ./conftest
configure:5124: $? = 0
configure:5135: result: yes
configure:5148: checking for sys/types.h
configure:5148: gcc -c -I /opt/pkg/include/ffmpeg3/ -I /opt/pkg/include/ffmpeg3/ conftest.c >&5
configure:5148: $? = 0
configure:5148: result: yes
configure:5148: checking for sys/stat.h
configure:5148: gcc -c -I /opt/pkg/include/ffmpeg3/ -I /opt/pkg/include/ffmpeg3/ conftest.c >&5
configure:5148: $? = 0
configure:5148: result: yes
configure:5148: checking for stdlib.h
configure:5148: gcc -c -I /opt/pkg/include/ffmpeg3/ -I /opt/pkg/include/ffmpeg3/ conftest.c >&5
configure:5148: $? = 0
configure:5148: result: yes
configure:5148: checking for string.h
configure:5148: gcc -c -I /opt/pkg/include/ffmpeg3/ -I /opt/pkg/include/ffmpeg3/ conftest.c >&5
configure:5148: $? = 0
configure:5148: result: yes
configure:5148: checking for memory.h
configure:5148: gcc -c -I /opt/pkg/include/ffmpeg3/ -I /opt/pkg/include/ffmpeg3/ conftest.c >&5
configure:5148: $? = 0
configure:5148: result: yes
configure:5148: checking for strings.h
configure:5148: gcc -c -I /opt/pkg/include/ffmpeg3/ -I /opt/pkg/include/ffmpeg3/ conftest.c >&5
configure:5148: $? = 0
configure:5148: result: yes
configure:5148: checking for inttypes.h
configure:5148: gcc -c -I /opt/pkg/include/ffmpeg3/ -I /opt/pkg/include/ffmpeg3/ conftest.c >&5
configure:5148: $? = 0
configure:5148: result: yes
configure:5148: checking for stdint.h
configure:5148: gcc -c -I /opt/pkg/include/ffmpeg3/ -I /opt/pkg/include/ffmpeg3/ conftest.c >&5
configure:5148: $? = 0
configure:5148: result: yes
configure:5148: checking for unistd.h
configure:5148: gcc -c -I /opt/pkg/include/ffmpeg3/ -I /opt/pkg/include/ffmpeg3/ conftest.c >&5
configure:5148: $? = 0
configure:5148: result: yes
configure:5160: checking libavutil/avutil.h usability
configure:5160: gcc -c -I /opt/pkg/include/ffmpeg3/ -I /opt/pkg/include/ffmpeg3/ conftest.c >&5
configure:5160: $? = 0
configure:5160: result: yes
configure:5160: checking libavutil/avutil.h presence
configure:5160: gcc -E -I /opt/pkg/include/ffmpeg3/ conftest.c
configure:5160: $? = 0
configure:5160: result: yes
configure:5160: checking for libavutil/avutil.h
configure:5160: result: yes
configure:5162: checking for avutil_version in -lavutil
configure:5233: gcc -o conftest -I /opt/pkg/include/ffmpeg3/ -I /opt/pkg/include/ffmpeg3/ -L /opt/pkg/lib/ffmpeg3/ conftest.c -lavutil   >&5
configure:5233: $? = 0
configure:5242: result: yes
configure:5257: checking libswscale/swscale.h usability
configure:5257: gcc -c -I /opt/pkg/include/ffmpeg3/ -I /opt/pkg/include/ffmpeg3/ conftest.c >&5
configure:5257: $? = 0
configure:5257: result: yes
configure:5257: checking libswscale/swscale.h presence
configure:5257: gcc -E -I /opt/pkg/include/ffmpeg3/ conftest.c
configure:5257: $? = 0
configure:5257: result: yes
configure:5257: checking for libswscale/swscale.h
configure:5257: result: yes
configure:5259: checking for swscale_version in -lswscale
configure:5284: gcc -o conftest -I /opt/pkg/include/ffmpeg3/ -I /opt/pkg/include/ffmpeg3/ -L /opt/pkg/lib/ffmpeg3/ conftest.c -lswscale   -lavutil >&5
configure:5284: $? = 0
configure:5293: result: yes
configure:5308: checking libavcodec/avcodec.h usability
configure:5308: gcc -c -I /opt/pkg/include/ffmpeg3/ -I /opt/pkg/include/ffmpeg3/ conftest.c >&5
configure:5308: $? = 0
configure:5308: result: yes
configure:5308: checking libavcodec/avcodec.h presence
configure:5308: gcc -E -I /opt/pkg/include/ffmpeg3/ conftest.c
configure:5308: $? = 0
configure:5308: result: yes
configure:5308: checking for libavcodec/avcodec.h
configure:5308: result: yes
configure:5310: checking for avcodec_version in -lavcodec
configure:5335: gcc -o conftest -I /opt/pkg/include/ffmpeg3/ -I /opt/pkg/include/ffmpeg3/ -L /opt/pkg/lib/ffmpeg3/ conftest.c -lavcodec   -lavutil -lswscale >&5
configure:5335: $? = 0
configure:5344: result: yes
configure:5359: checking libavformat/avformat.h usability
configure:5359: gcc -c -I /opt/pkg/include/ffmpeg3/ -I /opt/pkg/include/ffmpeg3/ conftest.c >&5
configure:5359: $? = 0
configure:5359: result: yes
configure:5359: checking libavformat/avformat.h presence
configure:5359: gcc -E -I /opt/pkg/include/ffmpeg3/ conftest.c
configure:5359: $? = 0
configure:5359: result: yes
configure:5359: checking for libavformat/avformat.h
configure:5359: result: yes
configure:5361: checking for avformat_version in -lavformat
configure:5386: gcc -o conftest -I /opt/pkg/include/ffmpeg3/ -I /opt/pkg/include/ffmpeg3/ -L /opt/pkg/lib/ffmpeg3/ conftest.c -lavformat   -lavutil -lswscale -lavcodec >&5
configure:5386: $? = 0
configure:5395: result: yes
configure:5410: checking libswresample/swresample.h usability
configure:5410: gcc -c -I /opt/pkg/include/ffmpeg3/ -I /opt/pkg/include/ffmpeg3/ conftest.c >&5
configure:5410: $? = 0
configure:5410: result: yes
configure:5410: checking libswresample/swresample.h presence
configure:5410: gcc -E -I /opt/pkg/include/ffmpeg3/ conftest.c
configure:5410: $? = 0
configure:5410: result: yes
configure:5410: checking for libswresample/swresample.h
configure:5410: result: yes
configure:5412: checking for swresample_version in -lswresample
configure:5437: gcc -o conftest -I /opt/pkg/include/ffmpeg3/ -I /opt/pkg/include/ffmpeg3/ -L /opt/pkg/lib/ffmpeg3/ conftest.c -lswresample   -lavutil -lswscale -lavcodec -lavformat >&5
configure:5437: $? = 0
configure:5446: result: yes
configure:5461: checking for libswscale/swscale.h
configure:5461: result: yes
configure:5463: checking for swscale_version in -lswscale
configure:5497: result: yes
configure:5512: checking libpostproc/postprocess.h usability
configure:5512: gcc -c -I /opt/pkg/include/ffmpeg3/ -I /opt/pkg/include/ffmpeg3/ conftest.c >&5
configure:5512: $? = 0
configure:5512: result: yes
configure:5512: checking libpostproc/postprocess.h presence
configure:5512: gcc -E -I /opt/pkg/include/ffmpeg3/ conftest.c
configure:5512: $? = 0
configure:5512: result: yes
configure:5512: checking for libpostproc/postprocess.h
configure:5512: result: yes
configure:5514: checking for postproc_version in -lpostproc
configure:5539: gcc -o conftest -I /opt/pkg/include/ffmpeg3/ -I /opt/pkg/include/ffmpeg3/ -L /opt/pkg/lib/ffmpeg3/ conftest.c -lpostproc   -lavutil -lswscale -lavcodec -lavformat -lswresample -lswscale >&5
configure:5539: $? = 0
configure:5548: result: yes
configure:5563: checking libavfilter/avfilter.h usability
configure:5563: gcc -c -I /opt/pkg/include/ffmpeg3/ -I /opt/pkg/include/ffmpeg3/ conftest.c >&5
configure:5563: $? = 0
configure:5563: result: yes
configure:5563: checking libavfilter/avfilter.h presence
configure:5563: gcc -E -I /opt/pkg/include/ffmpeg3/ conftest.c
configure:5563: $? = 0
configure:5563: result: yes
configure:5563: checking for libavfilter/avfilter.h
configure:5563: result: yes
configure:5565: checking for avfilter_version in -lavfilter
configure:5590: gcc -o conftest -I /opt/pkg/include/ffmpeg3/ -I /opt/pkg/include/ffmpeg3/ -L /opt/pkg/lib/ffmpeg3/ conftest.c -lavfilter   -lavutil -lswscale -lavcodec -lavformat -lswresample -lswscale -lpostproc >&5
configure:5590: $? = 0
configure:5599: result: yes
configure:5861: linking FFmpeg
configure:6117: checking that generated files are newer than configure
configure:6123: result: done
configure:6158: creating ./config.status

## ---------------------- ##
## Running config.status. ##
## ---------------------- ##

This file was extended by iwwbs1770 config.status 0.6.1-beta-1, which was
generated by GNU Autoconf 2.69.  Invocation command line was

  CONFIG_FILES    = 
  CONFIG_HEADERS  = 
  CONFIG_LINKS    = 
  CONFIG_COMMANDS = 
  $ ./config.status 

on 192-168-1-13.tpgi.com.au

config.status:889: creating Makefile
config.status:889: creating libpbutil/Makefile
config.status:889: creating lib1770-2/Makefile
config.status:889: creating libff/Makefile
config.status:889: creating libbg/Makefile
config.status:889: creating config.h
config.status:1070: config.h is unchanged
config.status:1118: executing depfiles commands
config.status:1195: cd libpbutil       && sed -e '/# am--include-marker/d' Makefile         | make -f - am--depfiles
make: Nothing to be done for `am--depfiles'.
config.status:1200: $? = 0
config.status:1195: cd lib1770-2       && sed -e '/# am--include-marker/d' Makefile         | make -f - am--depfiles
make: Nothing to be done for `am--depfiles'.
config.status:1200: $? = 0
config.status:1195: cd libff       && sed -e '/# am--include-marker/d' Makefile         | make -f - am--depfiles
make: Nothing to be done for `am--depfiles'.
config.status:1200: $? = 0
config.status:1195: cd libbg       && sed -e '/# am--include-marker/d' Makefile         | make -f - am--depfiles
make: Nothing to be done for `am--depfiles'.
config.status:1200: $? = 0

## ---------------- ##
## Cache variables. ##
## ---------------- ##

ac_cv_c_compiler_gnu=yes
ac_cv_env_CC_set=
ac_cv_env_CC_value=
ac_cv_env_CFLAGS_set=set
ac_cv_env_CFLAGS_value='-I /opt/pkg/include/ffmpeg3/'
ac_cv_env_CPPFLAGS_set=set
ac_cv_env_CPPFLAGS_value='-I /opt/pkg/include/ffmpeg3/'
ac_cv_env_CPP_set=
ac_cv_env_CPP_value=
ac_cv_env_LDFLAGS_set=set
ac_cv_env_LDFLAGS_value='-L /opt/pkg/lib/ffmpeg3/'
ac_cv_env_LIBS_set=
ac_cv_env_LIBS_value=
ac_cv_env_build_alias_set=
ac_cv_env_build_alias_value=
ac_cv_env_host_alias_set=
ac_cv_env_host_alias_value=
ac_cv_env_target_alias_set=
ac_cv_env_target_alias_value=
ac_cv_header_inttypes_h=yes
ac_cv_header_libavcodec_avcodec_h=yes
ac_cv_header_libavfilter_avfilter_h=yes
ac_cv_header_libavformat_avformat_h=yes
ac_cv_header_libavutil_avutil_h=yes
ac_cv_header_libpostproc_postprocess_h=yes
ac_cv_header_libswresample_swresample_h=yes
ac_cv_header_libswscale_swscale_h=yes
ac_cv_header_memory_h=yes
ac_cv_header_stdc=yes
ac_cv_header_stdint_h=yes
ac_cv_header_stdlib_h=yes
ac_cv_header_string_h=yes
ac_cv_header_strings_h=yes
ac_cv_header_sys_stat_h=yes
ac_cv_header_sys_types_h=yes
ac_cv_header_unistd_h=yes
ac_cv_lib_avcodec_avcodec_version=yes
ac_cv_lib_avfilter_avfilter_version=yes
ac_cv_lib_avformat_avformat_version=yes
ac_cv_lib_avutil_avutil_version=yes
ac_cv_lib_postproc_postproc_version=yes
ac_cv_lib_swresample_swresample_version=yes
ac_cv_lib_swscale_swscale_version=yes
ac_cv_objext=o
ac_cv_path_EGREP='/usr/bin/grep -E'
ac_cv_path_GREP=/usr/bin/grep
ac_cv_path_install='/usr/bin/install -c'
ac_cv_prog_AWK=nawk
ac_cv_prog_CPP='gcc -E'
ac_cv_prog_ac_ct_AR=ar
ac_cv_prog_ac_ct_CC=gcc
ac_cv_prog_ac_ct_RANLIB=ranlib
ac_cv_prog_cc_c89=
ac_cv_prog_cc_g=yes
ac_cv_prog_make_make_set=yes
am_cv_CC_dependencies_compiler_type=gcc3
am_cv_ar_interface=ar
am_cv_make_support_nested_variables=yes
am_cv_prog_cc_c_o=yes

## ----------------- ##
## Output variables. ##
## ----------------- ##

ACLOCAL='${SHELL} /Users/tilde/git/iwwbs1770/missing aclocal-1.16'
AMDEPBACKSLASH='\'
AMDEP_FALSE='#'
AMDEP_TRUE=''
AMTAR='$${TAR-tar}'
AM_BACKSLASH='\'
AM_DEFAULT_V='$(AM_DEFAULT_VERBOSITY)'
AM_DEFAULT_VERBOSITY='1'
AM_V='$(V)'
AR='ar'
AUTOCONF='${SHELL} /Users/tilde/git/iwwbs1770/missing autoconf'
AUTOHEADER='${SHELL} /Users/tilde/git/iwwbs1770/missing autoheader'
AUTOMAKE='${SHELL} /Users/tilde/git/iwwbs1770/missing automake-1.16'
AVCODEC_SO='libavcodec.so.57'
AVFILTER_SO='libavfilter.so.6'
AVFORMAT_SO='libavformat.so.57'
AVUTIL_SO='libavutil.so.55'
AWK='nawk'
CC='gcc'
CCDEPMODE='depmode=gcc3'
CFLAGS='-Wstrict-prototypes -Wextra -Wreturn-type -Wcast-qual -Wcast-align -Wpointer-arith -Wformat -Wall -Werror -I /opt/pkg/include/ffmpeg3/'
CPP='gcc -E'
CPPFLAGS='-I /opt/pkg/include/ffmpeg3/'
CYGPATH_W='echo'
DEFS='-DHAVE_CONFIG_H'
DEPDIR='.deps'
ECHO_C='\c'
ECHO_N=''
ECHO_T=''
EGREP='/usr/bin/grep -E'
EXEEXT=''
FFMPEG_PREFIX=''
FF_AVCODEC_V='57'
FF_AVFILTER_V='6'
FF_AVFORMAT_V='57'
FF_AVUTIL_V='55'
FF_DYNLOAD_FALSE=''
FF_DYNLOAD_TRUE='#'
FF_POSTPROC_V='54'
FF_SWRESAMPLE_V='2'
FF_SWSCALE_V='4'
GETOPTW_PREFIX=''
GREP='/usr/bin/grep'
INSTALL_DATA='${INSTALL} -m 644'
INSTALL_PROGRAM='${INSTALL}'
INSTALL_SCRIPT='${INSTALL}'
INSTALL_STRIP_PROGRAM='$(install_sh) -c -s'
IWWBS1770_LDFLAGS=''
LDFLAGS='-L /opt/pkg/lib/ffmpeg3/'
LIBOBJS=''
LIBS=' -lavutil -lswscale -lavcodec -lavformat -lswresample -lswscale -lpostproc -lavfilter -lm'
LTLIBOBJS=''
MAKEINFO='${SHELL} /Users/tilde/git/iwwbs1770/missing makeinfo'
MKDIR_P='./install-sh -c -d'
OBJEXT='o'
PACKAGE='iwwbs1770'
PACKAGE_BUGREPORT='tilde@ultros.pro'
PACKAGE_NAME='iwwbs1770'
PACKAGE_STRING='iwwbs1770 0.6.1-beta-1'
PACKAGE_TARNAME='iwwbs1770'
PACKAGE_URL='http://iww.org.au/'
PACKAGE_VERSION='0.6.1-beta-1'
PATH_SEPARATOR=':'
POSTPROC_SO='libpostproc.so.54'
RANLIB='ranlib'
SET_MAKE=''
SHELL='/bin/sh'
SODIR='lib'
STRIP=''
SWRESAMPLE_SO='libswresample.so.2'
SWSCALE_SO='libswscale.so.4'
VERSION='0.6.1-beta-1'
WIN32_FALSE=''
WIN32_TRUE='#'
ac_ct_AR='ar'
ac_ct_CC='gcc'
am__EXEEXT_FALSE=''
am__EXEEXT_TRUE='#'
am__fastdepCC_FALSE='#'
am__fastdepCC_TRUE=''
am__include='include'
am__isrc=''
am__leading_dot='.'
am__nodep='_no'
am__quote=''
am__tar='$${TAR-tar} chof - "$$tardir"'
am__untar='$${TAR-tar} xf -'
bindir='${exec_prefix}/bin'
build_alias=''
datadir='${datarootdir}'
datarootdir='${prefix}/share'
docdir='${datarootdir}/doc/${PACKAGE_TARNAME}'
dvidir='${docdir}'
exec_prefix='${prefix}'
host_alias=''
htmldir='${docdir}'
includedir='${prefix}/include'
infodir='${datarootdir}/info'
install_sh='${SHELL} /Users/tilde/git/iwwbs1770/install-sh'
libdir='${exec_prefix}/lib'
libexecdir='${exec_prefix}/libexec'
localedir='${datarootdir}/locale'
localstatedir='${prefix}/var'
mandir='${datarootdir}/man'
mkdir_p='$(MKDIR_P)'
oldincludedir='/usr/include'
pdfdir='${docdir}'
prefix='/usr/local'
program_transform_name='s,x,x,'
psdir='${docdir}'
sbindir='${exec_prefix}/sbin'
sharedstatedir='${prefix}/com'
sysconfdir='${prefix}/etc'
target_alias=''

## ----------- ##
## confdefs.h. ##
## ----------- ##

/* confdefs.h */
#define PACKAGE_NAME "iwwbs1770"
#define PACKAGE_TARNAME "iwwbs1770"
#define PACKAGE_VERSION "0.6.1-beta-1"
#define PACKAGE_STRING "iwwbs1770 0.6.1-beta-1"
#define PACKAGE_BUGREPORT "tilde@ultros.pro"
#define PACKAGE_URL "http://iww.org.au/"
#define PACKAGE "iwwbs1770"
#define VERSION "0.6.1-beta-1"
#define STDC_HEADERS 1
#define HAVE_SYS_TYPES_H 1
#define HAVE_SYS_STAT_H 1
#define HAVE_STDLIB_H 1
#define HAVE_STRING_H 1
#define HAVE_MEMORY_H 1
#define HAVE_STRINGS_H 1
#define HAVE_INTTYPES_H 1
#define HAVE_STDINT_H 1
#define HAVE_UNISTD_H 1
#define FF_AVUTIL_V "55"
#define FF_AVCODEC_V "57"
#define FF_AVFORMAT_V "57"
#define FF_SWRESAMPLE_V "2"
#define FF_SWSCALE_V "4"
#define FF_POSTPROC_V "54"
#define FF_AVFILTER_V "6"

configure: exit 0
